<?xml version="1.0" encoding="UTF-8"?>
<!-- Generated by org.testng.reporters.JUnitXMLReporter -->
<testsuite ignored="0" hostname="DESKTOP-HE98H6O" failures="0" tests="4" name="Default test" time="55.096" errors="0" timestamp="2024-06-11T15:36:25 IST">
  <testcase classname="testpkg.Logintestdemo" name="verifyLoginWithValidCred" time="4.205"/>
  <testcase classname="testpkg.Logintestdemo" name="addtocarttest" time="15.256"/>
  <testcase classname="testpkg.Logintestdemo" name="informationvaluestest" time="10.578"/>
  <testcase classname="testpkg.Logintestdemo" name="logouttest" time="20.472"/>
</testsuite> <!-- Default test -->
