<?xml version="1.0" encoding="UTF-8"?>
<!-- Generated by org.testng.reporters.JUnitXMLReporter -->
<testsuite ignored="0" hostname="DESKTOP-HE98H6O" failures="0" tests="4" name="Default test" time="55.265" errors="0" timestamp="2024-05-01T21:19:33 IST">
  <testcase classname="testpkg.Logintestdemo" name="verifyLoginWithValidCred" time="3.637"/>
  <testcase classname="testpkg.Logintestdemo" name="addtocarttest" time="15.285"/>
  <testcase classname="testpkg.Logintestdemo" name="informationvaluestest" time="10.573"/>
  <testcase classname="testpkg.Logintestdemo" name="logouttest" time="20.441"/>
</testsuite> <!-- Default test -->
