<?xml version="1.0" encoding="UTF-8"?>
<testng-results ignored="0" total="4" passed="4" failed="0" skipped="0">
  <reporter-output>
  </reporter-output>
  <suite started-at="2024-06-11T15:35:30 IST" name="Default suite" finished-at="2024-06-11T15:36:25 IST" duration-ms="55096">
    <groups>
    </groups>
    <test started-at="2024-06-11T15:35:30 IST" name="Default test" finished-at="2024-06-11T15:36:25 IST" duration-ms="55096">
      <class name="testpkg.Logintestdemo">
        <test-method is-config="true" signature="setup()[pri:0, instance:testpkg.Logintestdemo@750e2b97]" started-at="2024-06-11T15:35:30 IST" name="setup" finished-at="2024-06-11T15:35:34 IST" duration-ms="4476" status="PASS">
          <reporter-output>
          </reporter-output>
        </test-method> <!-- setup -->
        <test-method signature="verifyLoginWithValidCred()[pri:1, instance:testpkg.Logintestdemo@750e2b97]" started-at="2024-06-11T15:35:34 IST" name="verifyLoginWithValidCred" finished-at="2024-06-11T15:35:39 IST" duration-ms="4205" status="PASS">
          <reporter-output>
          </reporter-output>
        </test-method> <!-- verifyLoginWithValidCred -->
        <test-method signature="addtocarttest()[pri:2, instance:testpkg.Logintestdemo@750e2b97]" started-at="2024-06-11T15:35:39 IST" name="addtocarttest" finished-at="2024-06-11T15:35:54 IST" duration-ms="15256" status="PASS">
          <reporter-output>
          </reporter-output>
        </test-method> <!-- addtocarttest -->
        <test-method signature="informationvaluestest()[pri:3, instance:testpkg.Logintestdemo@750e2b97]" started-at="2024-06-11T15:35:54 IST" name="informationvaluestest" finished-at="2024-06-11T15:36:04 IST" duration-ms="10578" status="PASS">
          <reporter-output>
          </reporter-output>
        </test-method> <!-- informationvaluestest -->
        <test-method signature="logouttest()[pri:4, instance:testpkg.Logintestdemo@750e2b97]" started-at="2024-06-11T15:36:04 IST" name="logouttest" finished-at="2024-06-11T15:36:25 IST" duration-ms="20472" status="PASS">
          <reporter-output>
          </reporter-output>
        </test-method> <!-- logouttest -->
      </class> <!-- testpkg.Logintestdemo -->
    </test> <!-- Default test -->
  </suite> <!-- Default suite -->
</testng-results>
