<?xml version="1.0" encoding="UTF-8"?>
<testng-results ignored="0" total="4" passed="4" failed="0" skipped="0">
  <reporter-output>
  </reporter-output>
  <suite started-at="2024-05-01T21:18:37 IST" name="Default suite" finished-at="2024-05-01T21:19:33 IST" duration-ms="55265">
    <groups>
    </groups>
    <test started-at="2024-05-01T21:18:37 IST" name="Default test" finished-at="2024-05-01T21:19:33 IST" duration-ms="55265">
      <class name="testpkg.Logintestdemo">
        <test-method is-config="true" signature="setup()[pri:0, instance:testpkg.Logintestdemo@750e2b97]" started-at="2024-05-01T21:18:37 IST" name="setup" finished-at="2024-05-01T21:18:43 IST" duration-ms="5232" status="PASS">
          <reporter-output>
          </reporter-output>
        </test-method> <!-- setup -->
        <test-method signature="verifyLoginWithValidCred()[pri:1, instance:testpkg.Logintestdemo@750e2b97]" started-at="2024-05-01T21:18:43 IST" name="verifyLoginWithValidCred" finished-at="2024-05-01T21:18:46 IST" duration-ms="3637" status="PASS">
          <reporter-output>
          </reporter-output>
        </test-method> <!-- verifyLoginWithValidCred -->
        <test-method signature="addtocarttest()[pri:2, instance:testpkg.Logintestdemo@750e2b97]" started-at="2024-05-01T21:18:46 IST" name="addtocarttest" finished-at="2024-05-01T21:19:02 IST" duration-ms="15285" status="PASS">
          <reporter-output>
          </reporter-output>
        </test-method> <!-- addtocarttest -->
        <test-method signature="informationvaluestest()[pri:3, instance:testpkg.Logintestdemo@750e2b97]" started-at="2024-05-01T21:19:02 IST" name="informationvaluestest" finished-at="2024-05-01T21:19:12 IST" duration-ms="10573" status="PASS">
          <reporter-output>
          </reporter-output>
        </test-method> <!-- informationvaluestest -->
        <test-method signature="logouttest()[pri:4, instance:testpkg.Logintestdemo@750e2b97]" started-at="2024-05-01T21:19:12 IST" name="logouttest" finished-at="2024-05-01T21:19:33 IST" duration-ms="20441" status="PASS">
          <reporter-output>
          </reporter-output>
        </test-method> <!-- logouttest -->
      </class> <!-- testpkg.Logintestdemo -->
    </test> <!-- Default test -->
  </suite> <!-- Default suite -->
</testng-results>
